<?xml version="1.0" encoding="UTF-8"?>
<!-- Generated by org.testng.reporters.JUnitReportReporter -->
<testsuite skipped="0" hostname="PCW1713853L" name="core.testDigitalReceiptsID" tests="1" failures="0" timestamp="2021-05-14T16:19:19 PDT" time="4.019" errors="0">
  <testcase name="schemaItemLookup" time="4.019" classname="core.testDigitalReceiptsID"/>
  <system-out/>
</testsuite> <!-- core.testDigitalReceiptsID -->
