<?xml version="1.0" encoding="UTF-8"?>
<!-- Generated by org.testng.reporters.JUnitReportReporter -->
<testsuite skipped="0" hostname="PCW1940588L" name="core.testViewCartEH" tests="2" failures="0" timestamp="2021-05-03T14:59:26 PDT" time="6.052" errors="0">
  <testcase name="schemaViewCartEH" time="2.021" classname="core.testViewCartEH"/>
  <system-out/>
  <testcase name="schemaViewCartEH" time="4.031" classname="core.testViewCartEH"/>
  <system-out/>
</testsuite> <!-- core.testViewCartEH -->
