<?xml version="1.0" encoding="UTF-8"?>
<!-- Generated by org.testng.reporters.JUnitReportReporter -->
<testsuite skipped="0" hostname="MBP-2.local" name="core.NewTest" tests="1" failures="0" timestamp="2021-02-27T15:06:35 PST" time="0.071" errors="0">
  <testcase name="f" time="0.071" classname="core.NewTest"/>
  <system-out/>
</testsuite> <!-- core.NewTest -->
