<?xml version="1.0" encoding="UTF-8"?>
<!-- Generated by org.testng.reporters.JUnitReportReporter -->
<testsuite skipped="0" hostname="PCW1713853L" name="core.testDigitalReceiptsIDParam" tests="1" failures="0" timestamp="2021-05-14T16:26:19 PDT" time="7.319" errors="0">
  <testcase name="schemaDigitalReceiptsID" time="7.319" classname="core.testDigitalReceiptsIDParam"/>
  <system-out/>
</testsuite> <!-- core.testDigitalReceiptsIDParam -->
