<?xml version="1.0" encoding="UTF-8"?>
<!-- Generated by org.testng.reporters.JUnitReportReporter -->
<testsuite skipped="0" hostname="PCW1713853L" name="core.testSchemaViewCart" tests="1" failures="0" timestamp="2021-03-02T12:51:56 PST" time="4.318" errors="0">
  <testcase name="schemaItemLookup" time="4.318" classname="core.testSchemaViewCart"/>
  <system-out/>
</testsuite> <!-- core.testSchemaViewCart -->
