<?xml version="1.0" encoding="UTF-8"?>
<!-- Generated by org.testng.reporters.JUnitReportReporter -->
<testsuite skipped="0" hostname="PCW1713853L" name="core.testFeedBack" tests="1" failures="0" timestamp="2021-05-14T16:20:02 PDT" time="7.707" errors="0">
  <testcase name="schemaFeedback" time="7.707" classname="core.testFeedBack"/>
  <system-out/>
</testsuite> <!-- core.testFeedBack -->
