<?xml version="1.0" encoding="UTF-8"?>
<!-- Generated by org.testng.reporters.JUnitReportReporter -->
<testsuite skipped="0" hostname="PCW1713853L" name="core.testViewCart" tests="1" failures="0" timestamp="2021-04-07T12:31:03 PDT" time="15.628" errors="0">
  <testcase name="schemaItemLookup" time="15.628" classname="core.testViewCart"/>
  <system-out/>
</testsuite> <!-- core.testViewCart -->
