<?xml version="1.0" encoding="UTF-8"?>
<!-- Generated by org.testng.reporters.JUnitReportReporter -->
<testsuite skipped="0" hostname="PCW1713853L" name="core.testFeedBack" tests="1" failures="0" timestamp="2021-04-30T14:33:34 PDT" time="4.596" errors="0">
  <testcase name="schemaFeedback" time="4.596" classname="core.testFeedBack"/>
  <system-out/>
</testsuite> <!-- core.testFeedBack -->
