<?xml version="1.0" encoding="UTF-8"?>
<!-- Generated by org.testng.reporters.JUnitReportReporter -->
<testsuite skipped="0" hostname="PCW1713853L" name="core.testGetReceipt" tests="1" failures="0" timestamp="2021-03-02T17:37:38 PST" time="3.853" errors="0">
  <testcase name="schemaItemLookup" time="3.853" classname="core.testGetReceipt"/>
  <system-out/>
</testsuite> <!-- core.testGetReceipt -->
