<?xml version="1.0" encoding="UTF-8"?>
<!-- Generated by org.testng.reporters.JUnitReportReporter -->
<testsuite skipped="0" hostname="PCW1713853L" name="core.testFeedBackEH" tests="1" failures="0" timestamp="2021-04-30T14:22:11 PDT" time="6.007" errors="0">
  <testcase name="schemaFeedBackEH" time="6.007" classname="core.testFeedBackEH"/>
  <system-out/>
</testsuite> <!-- core.testFeedBackEH -->
