<?xml version="1.0" encoding="UTF-8"?>
<!-- Generated by org.testng.reporters.JUnitReportReporter -->
<testsuite skipped="0" hostname="PCW1713853L" name="core.testGetAllAccounts" tests="1" failures="0" timestamp="2021-06-04T14:39:49 PDT" time="5.320" errors="0">
  <testcase name="schemaGetProfile" time="5.320" classname="core.testGetAllAccounts"/>
  <system-out/>
</testsuite> <!-- core.testGetAllAccounts -->
