<?xml version="1.0" encoding="UTF-8"?>
<!-- Generated by org.testng.reporters.JUnitReportReporter -->
<testsuite skipped="0" hostname="MBP-M1.local" name="core.testParam2" tests="3" failures="0" timestamp="2022-02-10T18:06:14 PST" time="8.924" errors="0">
  <testcase name="schemaParam" time="0.651" classname="core.testParam2"/>
  <system-out/>
  <testcase name="schemaParam" time="0.769" classname="core.testParam2"/>
  <system-out/>
  <testcase name="schemaParam" time="7.504" classname="core.testParam2"/>
  <system-out/>
</testsuite> <!-- core.testParam2 -->
