<?xml version="1.0" encoding="UTF-8"?>
<!-- Generated by org.testng.reporters.JUnitReportReporter -->
<testsuite skipped="0" hostname="PCW1713853L" name="core.testAddItemToCartEH" tests="6" failures="0" timestamp="2021-04-12T18:06:07 PDT" time="8.289" errors="0">
  <testcase name="schemaGetProfileEH" time="4.634" classname="core.testAddItemToCartEH"/>
  <system-out/>
  <testcase name="schemaGetProfileEH" time="0.785" classname="core.testAddItemToCartEH"/>
  <system-out/>
  <testcase name="schemaGetProfileEH" time="0.611" classname="core.testAddItemToCartEH"/>
  <system-out/>
  <testcase name="schemaGetProfileEH" time="0.673" classname="core.testAddItemToCartEH"/>
  <system-out/>
  <testcase name="schemaGetProfileEH" time="0.677" classname="core.testAddItemToCartEH"/>
  <system-out/>
  <testcase name="schemaGetProfileEH" time="0.909" classname="core.testAddItemToCartEH"/>
  <system-out/>
</testsuite> <!-- core.testAddItemToCartEH -->
