<?xml version="1.0" encoding="UTF-8"?>
<!-- Generated by org.testng.reporters.JUnitReportReporter -->
<testsuite skipped="0" hostname="PCW1713853L" name="core.testDigitalReceiptsClubCard" tests="1" failures="0" timestamp="2021-05-14T16:22:34 PDT" time="7.258" errors="0">
  <testcase name="schemaDigitalReceiptsClubCard" time="7.258" classname="core.testDigitalReceiptsClubCard"/>
  <system-out/>
</testsuite> <!-- core.testDigitalReceiptsClubCard -->
