<?xml version="1.0" encoding="UTF-8"?>
<!-- Generated by org.testng.reporters.JUnitReportReporter -->
<testsuite skipped="0" hostname="PCW1713853L" name="core.testAuditCarts" tests="5" failures="0" timestamp="2021-04-22T10:41:51 PDT" time="9.051" errors="0">
  <testcase name="schemaAuditCarts" time="1.231" classname="core.testAuditCarts"/>
  <system-out/>
  <testcase name="schemaAuditCarts" time="0.993" classname="core.testAuditCarts"/>
  <system-out/>
  <testcase name="schemaAuditCarts" time="1.005" classname="core.testAuditCarts"/>
  <system-out/>
  <testcase name="schemaAuditCarts" time="0.922" classname="core.testAuditCarts"/>
  <system-out/>
  <testcase name="schemaAuditCarts" time="4.900" classname="core.testAuditCarts"/>
  <system-out/>
</testsuite> <!-- core.testAuditCarts -->
