<?xml version="1.0" encoding="UTF-8"?>
<!-- Generated by org.testng.reporters.JUnitReportReporter -->
<testsuite skipped="0" hostname="PCW1713853L" name="core.testAddItemToCartEH" tests="6" failures="0" timestamp="2021-04-14T14:01:07 PDT" time="25.696" errors="0">
  <testcase name="schemaGetProfileEH" time="5.438" classname="core.testAddItemToCartEH"/>
  <system-out/>
  <testcase name="schemaGetProfileEH" time="4.364" classname="core.testAddItemToCartEH"/>
  <system-out/>
  <testcase name="schemaGetProfileEH" time="14.810" classname="core.testAddItemToCartEH"/>
  <system-out/>
  <testcase name="schemaGetProfileEH" time="0.183" classname="core.testAddItemToCartEH"/>
  <system-out/>
  <testcase name="schemaGetProfileEH" time="0.436" classname="core.testAddItemToCartEH"/>
  <system-out/>
  <testcase name="schemaGetProfileEH" time="0.465" classname="core.testAddItemToCartEH"/>
  <system-out/>
</testsuite> <!-- core.testAddItemToCartEH -->
