<?xml version="1.0" encoding="UTF-8"?>
<!-- Generated by org.testng.reporters.JUnitReportReporter -->
<testsuite skipped="0" hostname="MBP-2.local" name="core.testSchemaItemLookupParam" tests="3" failures="0" timestamp="2021-02-28T10:43:14 PST" time="7.886" errors="0">
  <testcase name="schemaItemLookupParam" time="1.464" classname="core.testSchemaItemLookupParam"/>
  <system-out/>
  <testcase name="schemaItemLookupParam" time="1.666" classname="core.testSchemaItemLookupParam"/>
  <system-out/>
  <testcase name="schemaItemLookupParam" time="4.756" classname="core.testSchemaItemLookupParam"/>
  <system-out/>
</testsuite> <!-- core.testSchemaItemLookupParam -->
