<?xml version="1.0" encoding="UTF-8"?>
<!-- Generated by org.testng.reporters.JUnitReportReporter -->
<testsuite skipped="0" hostname="PCW1713853L" name="core.testSchemaLogin" tests="1" failures="0" timestamp="2021-03-02T12:21:28 PST" time="5.225" errors="0">
  <testcase name="schemaGetProfile" time="5.225" classname="core.testSchemaLogin"/>
  <system-out/>
</testsuite> <!-- core.testSchemaLogin -->
