<?xml version="1.0" encoding="UTF-8"?>
<!-- Generated by org.testng.reporters.JUnitReportReporter -->
<testsuite skipped="0" hostname="PCW1713853L" name="core.testGetProfile" tests="1" failures="0" timestamp="2021-03-29T19:54:36 PDT" time="6.998" errors="0">
  <testcase name="schemaGetProfile" time="6.998" classname="core.testGetProfile"/>
  <system-out/>
</testsuite> <!-- core.testGetProfile -->
