<?xml version="1.0" encoding="UTF-8"?>
<!-- Generated by org.testng.reporters.JUnitReportReporter -->
<testsuite skipped="0" hostname="PCW1713853L" name="core.testAddItemToCartEH" tests="3" failures="0" timestamp="2021-04-12T17:02:30 PDT" time="7.838" errors="0">
  <testcase name="schemaGetProfileEH" time="4.429" classname="core.testAddItemToCartEH"/>
  <system-out/>
  <testcase name="schemaGetProfileEH" time="1.262" classname="core.testAddItemToCartEH"/>
  <system-out/>
  <testcase name="schemaGetProfileEH" time="2.147" classname="core.testAddItemToCartEH"/>
  <system-out/>
</testsuite> <!-- core.testAddItemToCartEH -->
