<?xml version="1.0" encoding="UTF-8"?>
<!-- Generated by org.testng.reporters.JUnitReportReporter -->
<testsuite skipped="0" hostname="PCW1713853L" name="core.testAddItemToCart" tests="1" failures="0" timestamp="2021-04-22T10:40:01 PDT" time="5.491" errors="0">
  <testcase name="schemaGetProfile" time="5.491" classname="core.testAddItemToCart"/>
  <system-out/>
</testsuite> <!-- core.testAddItemToCart -->
