<?xml version="1.0" encoding="UTF-8"?>
<!-- Generated by org.testng.reporters.JUnitReportReporter -->
<testsuite skipped="0" hostname="PCW1713853L" name="core.testToken" tests="1" failures="0" timestamp="2021-04-12T16:28:58 PDT" time="6.337" errors="0">
  <testcase name="schemaGetProfile" time="6.337" classname="core.testToken"/>
  <system-out/>
</testsuite> <!-- core.testToken -->
