<?xml version="1.0" encoding="UTF-8"?>
<!-- Generated by org.testng.reporters.JUnitReportReporter -->
<testsuite skipped="0" hostname="MBP-2.local" name="core.testSchemaItemLookupError" tests="1" failures="0" timestamp="2021-02-28T10:42:48 PST" time="3.281" errors="0">
  <testcase name="schemaItemLookup" time="3.281" classname="core.testSchemaItemLookupError"/>
  <system-out/>
</testsuite> <!-- core.testSchemaItemLookupError -->
