<?xml version="1.0" encoding="UTF-8"?>
<!-- Generated by org.testng.reporters.JUnitReportReporter -->
<testsuite skipped="0" hostname="PCW1713853L" name="core.testRemoveItem" tests="1" failures="0" timestamp="2021-04-30T14:32:54 PDT" time="5.312" errors="0">
  <testcase name="schemaRemoveItems" time="5.312" classname="core.testRemoveItem"/>
  <system-out/>
</testsuite> <!-- core.testRemoveItem -->
