<?xml version="1.0" encoding="UTF-8"?>
<!-- Generated by org.testng.reporters.JUnitReportReporter -->
<testsuite skipped="0" hostname="PCW1713853L" name="core.testClearCartEH" tests="1" failures="0" timestamp="2021-04-30T14:19:30 PDT" time="4.621" errors="0">
  <testcase name="schemaClearCartEH" time="4.621" classname="core.testClearCartEH"/>
  <system-out/>
</testsuite> <!-- core.testClearCartEH -->
