<?xml version="1.0" encoding="UTF-8"?>
<!-- Generated by org.testng.reporters.JUnitReportReporter -->
<testsuite skipped="0" hostname="MBP-M1.local" name="core.testParam" tests="3" failures="0" timestamp="2022-02-10T17:05:00 PST" time="8.851" errors="0">
  <testcase name="schemaParam" time="7.629" classname="core.testParam"/>
  <system-out/>
  <testcase name="schemaParam" time="0.536" classname="core.testParam"/>
  <system-out/>
  <testcase name="schemaParam" time="0.686" classname="core.testParam"/>
  <system-out/>
</testsuite> <!-- core.testParam -->
