<?xml version="1.0" encoding="UTF-8"?>
<!-- Generated by org.testng.reporters.JUnitReportReporter -->
<testsuite skipped="0" hostname="PCW1713853L" name="core.testGetProfileBL" tests="1" failures="0" timestamp="2021-04-07T13:01:39 PDT" time="14.351" errors="0">
  <testcase name="schemaGetProfile" time="14.351" classname="core.testGetProfileBL"/>
  <system-out/>
</testsuite> <!-- core.testGetProfileBL -->
