<?xml version="1.0" encoding="UTF-8"?>
<!-- Generated by org.testng.reporters.JUnitReportReporter -->
<testsuite skipped="0" hostname="PCW1713853L" name="core.testItemLookupParam" tests="9" failures="0" timestamp="2021-05-14T16:29:13 PDT" time="12.404" errors="0">
  <testcase name="schemaItemLookupParam" time="0.405" classname="core.testItemLookupParam"/>
  <system-out/>
  <testcase name="schemaItemLookupParam" time="0.163" classname="core.testItemLookupParam"/>
  <system-out/>
  <testcase name="schemaItemLookupParam" time="9.748" classname="core.testItemLookupParam"/>
  <system-out/>
  <testcase name="schemaItemLookupParam" time="0.402" classname="core.testItemLookupParam"/>
  <system-out/>
  <testcase name="schemaItemLookupParam" time="0.357" classname="core.testItemLookupParam"/>
  <system-out/>
  <testcase name="schemaItemLookupParam" time="0.391" classname="core.testItemLookupParam"/>
  <system-out/>
  <testcase name="schemaItemLookupParam" time="0.197" classname="core.testItemLookupParam"/>
  <system-out/>
  <testcase name="schemaItemLookupParam" time="0.176" classname="core.testItemLookupParam"/>
  <system-out/>
  <testcase name="schemaItemLookupParam" time="0.565" classname="core.testItemLookupParam"/>
  <system-out/>
</testsuite> <!-- core.testItemLookupParam -->
