<?xml version="1.0" encoding="UTF-8"?>
<!-- Generated by org.testng.reporters.JUnitReportReporter -->
<testsuite skipped="0" hostname="PCW1713853L" name="core.testSchemaToken" tests="1" failures="0" timestamp="2021-03-02T12:34:38 PST" time="5.566" errors="0">
  <testcase name="schemaGetProfile" time="5.566" classname="core.testSchemaToken"/>
  <system-out/>
</testsuite> <!-- core.testSchemaToken -->
