<?xml version="1.0" encoding="UTF-8"?>
<!-- Generated by org.testng.reporters.JUnitReportReporter -->
<testsuite skipped="0" hostname="PCW1713853L" name="core.testDigitalReceiptsIDParam" tests="3" failures="2" timestamp="2021-05-14T17:01:23 PDT" time="5.835" errors="0">
  <testcase name="schemaDigitalReceiptsID" time="0.706" classname="core.testDigitalReceiptsIDParam">
    <failure type="java.lang.AssertionError" message="1 expectation failed.
Response body doesn&#039;t match expectation.
Expected: The content to match the given JSON schema.
error: object has missing required properties ([&quot;cashBack&quot;])
    level: &quot;error&quot;
    schema: {&quot;loadingURI&quot;:&quot;file:/Users/atilo02/Workspace/scgo-api-automation/target/test-classes/receipts/schema_id.json#&quot;,&quot;pointer&quot;:&quot;/properties/receipts/items/0/properties/tenders/items/0&quot;}
    instance: {&quot;pointer&quot;:&quot;/receipts/0/tenders/0&quot;}
    domain: &quot;validation&quot;
    keyword: &quot;required&quot;
    required: [&quot;amount&quot;,&quot;authorizationCode&quot;,&quot;authorizationDate&quot;,&quot;authorizationTime&quot;,&quot;cardNumber&quot;,&quot;cardType&quot;,&quot;cashBack&quot;,&quot;creditDebit&quot;,&quot;referenceNumber&quot;,&quot;type&quot;,&quot;typeCode&quot;]
    missing: [&quot;cashBack&quot;]

  Actual: {&quot;receipts&quot;:[{&quot;address&quot;:{&quot;line1&quot;:&quot;1156 MAPLE AVE&quot;,&quot;line2&quot;:&quot;N/A&quot;,&quot;city&quot;:&quot;LISLE&quot;,&quot;state&quot;:&quot;IL&quot;,&quot;zipcode&quot;:&quot;60532&quot;,&quot;country&quot;:&quot;USA&quot;},&quot;loyalty&quot;:{&quot;id&quot;:&quot;49155222862&quot;,&quot;discountTotal&quot;:&quot;0.00&quot;,&quot;pointsAwarded&quot;:11,&quot;programId&quot;:&quot;HHID&quot;,&quot;accountId&quot;:&quot;123456789012&quot;,&quot;lookupId&quot;:&quot;000000046002000000&quot;},&quot;tax&quot;:{&quot;taxableAmount&quot;:&quot;10.98&quot;,&quot;amount&quot;:&quot;0.49&quot;,&quot;percent&quot;:&quot;4.46&quot;},&quot;_id&quot;:&quot;60330d641bc0256e38736743&quot;,&quot;posDateTime&quot;:&quot;2021-02-05T12:00:00.000Z&quot;,&quot;dateString&quot;:&quot;Feb 5, 2021&quot;,&quot;timeString&quot;:&quot;12:00 PM&quot;,&quot;storeId&quot;:&quot;0056&quot;,&quot;workStationId&quot;:&quot;0051&quot;,&quot;sequenceNumber&quot;:&quot;42&quot;,&quot;operatorId&quot;:&quot;8851&quot;,&quot;transactionCount&quot;:1,&quot;regularPriceTotal&quot;:&quot;11.98&quot;,&quot;discountTotal&quot;:&quot;1.00&quot;,&quot;reducedPriceTotal&quot;:&quot;10.98&quot;,&quot;returnsTotal&quot;:&quot;0.00&quot;,&quot;source&quot;:&quot;INSTORE&quot;,&quot;items&quot;:[{&quot;lineItemType&quot;:&quot;Sale&quot;,&quot;id&quot;:&quot;2100002650&quot;,&quot;quantity&quot;:1,&quot;weightItem&quot;:false,&quot;regularPrice&quot;:&quot;4.99&quot;,&quot;discount&quot;:&quot;1.00&quot;,&quot;reducedPrice&quot;:&quot;3.99&quot;,&quot;regularPriceTotal&quot;:&quot;4.99&quot;,&quot;discountTotal&quot;:&quot;1.00&quot;,&quot;reducedPriceTotal&quot;:&quot;3.99&quot;,&quot;department&quot;:&quot;GROCERY&quot;,&quot;name&quot;:&quot;KRAFT MIRACLE WHIP LIGHT&quot;,&quot;isFuel&quot;:false},{&quot;lineItemType&quot;:&quot;Sale&quot;,&quot;id&quot;:&quot;2113015572&quot;,&quot;quantity&quot;:1,&quot;weightItem&quot;:false,&quot;regularPrice&quot;:&quot;6.99&quot;,&quot;discount&quot;:&quot;0.00&quot;,&quot;reducedPrice&quot;:&quot;6.99&quot;,&quot;regularPriceTotal&quot;:&quot;6.99&quot;,&quot;discountTotal&quot;:&quot;0.00&quot;,&quot;reducedPriceTotal&quot;:&quot;6.99&quot;,&quot;department&quot;:&quot;FOOD SERVICE&quot;,&quot;name&quot;:&quot;SIGNATURE CAFE 8 CT GRILLED CHICKEN BAGGED&quot;,&quot;isFuel&quot;:false}],&quot;itemCount&quot;:2,&quot;tenders&quot;:[{&quot;type&quot;:&quot;SNAP&quot;,&quot;typeCode&quot;:&quot;Sale&quot;,&quot;amount&quot;:&quot;3.99&quot;,&quot;cardType&quot;:&quot;SNAP (Discover)&quot;,&quot;creditDebit&quot;:&quot;Debit&quot;,&quot;cardNumber&quot;:&quot;************2502&quot;,&quot;authorizationCode&quot;:&quot;00065176&quot;,&quot;referenceNumber&quot;:&quot;850012125020&quot;,&quot;authorizationDate&quot;:&quot;Feb 5, 2021&quot;,&quot;authorizationTime&quot;:&quot;12:00 PM&quot;},{&quot;type&quot;:&quot;Credit/Debit&quot;,&quot;typeCode&quot;:&quot;Sale&quot;,&quot;amount&quot;:&quot;7.48&quot;,&quot;cardType&quot;:&quot;Visa&quot;,&quot;creditDebit&quot;:&quot;Credit&quot;,&quot;cardNumber&quot;:&quot;************5372&quot;,&quot;authorizationCode&quot;:&quot;00031614&quot;,&quot;referenceNumber&quot;:&quot;860034453720&quot;,&quot;authorizationDate&quot;:&quot;Feb 5, 2021&quot;,&quot;authorizationTime&quot;:&quot;12:00 PM&quot;}],&quot;basketDiscounts&quot;:[],&quot;phone&quot;:&quot;6309645166&quot;,&quot;storeName&quot;:&quot;Jewel-Osco&quot;,&quot;banner&quot;:&quot;jewelosco&quot;,&quot;transactionId&quot;:&quot;0000560510004221020412001247&quot;,&quot;finalTotal&quot;:&quot;11.47&quot;,&quot;savedAt&quot;:&quot;2021-02-22T00:33:28.705Z&quot;,&quot;id&quot;:&quot;60330d641bc0256e38736743&quot;,&quot;generalSupportText&quot;:&quot;LET US HEAR FROM YOU! 1-877-723-3929&quot;,&quot;generalSupportContact&quot;:&quot;1-877-723-3929&quot;,&quot;paymentSupportText&quot;:&quot;FOR QUESTIONS ABOUT YOUR PAYMENT CALL PAYMENT SERVICES AT 1-866-392-9517&quot;,&quot;paymentSupportContact&quot;:&quot;1-866-392-9517&quot;}]}
">
      <![CDATA[java.lang.AssertionError: 1 expectation failed.
Response body doesn't match expectation.
Expected: The content to match the given JSON schema.
error: object has missing required properties (["cashBack"])
    level: "error"
    schema: {"loadingURI":"file:/Users/atilo02/Workspace/scgo-api-automation/target/test-classes/receipts/schema_id.json#","pointer":"/properties/receipts/items/0/properties/tenders/items/0"}
    instance: {"pointer":"/receipts/0/tenders/0"}
    domain: "validation"
    keyword: "required"
    required: ["amount","authorizationCode","authorizationDate","authorizationTime","cardNumber","cardType","cashBack","creditDebit","referenceNumber","type","typeCode"]
    missing: ["cashBack"]

  Actual: {"receipts":[{"address":{"line1":"1156 MAPLE AVE","line2":"N/A","city":"LISLE","state":"IL","zipcode":"60532","country":"USA"},"loyalty":{"id":"49155222862","discountTotal":"0.00","pointsAwarded":11,"programId":"HHID","accountId":"123456789012","lookupId":"000000046002000000"},"tax":{"taxableAmount":"10.98","amount":"0.49","percent":"4.46"},"_id":"60330d641bc0256e38736743","posDateTime":"2021-02-05T12:00:00.000Z","dateString":"Feb 5, 2021","timeString":"12:00 PM","storeId":"0056","workStationId":"0051","sequenceNumber":"42","operatorId":"8851","transactionCount":1,"regularPriceTotal":"11.98","discountTotal":"1.00","reducedPriceTotal":"10.98","returnsTotal":"0.00","source":"INSTORE","items":[{"lineItemType":"Sale","id":"2100002650","quantity":1,"weightItem":false,"regularPrice":"4.99","discount":"1.00","reducedPrice":"3.99","regularPriceTotal":"4.99","discountTotal":"1.00","reducedPriceTotal":"3.99","department":"GROCERY","name":"KRAFT MIRACLE WHIP LIGHT","isFuel":false},{"lineItemType":"Sale","id":"2113015572","quantity":1,"weightItem":false,"regularPrice":"6.99","discount":"0.00","reducedPrice":"6.99","regularPriceTotal":"6.99","discountTotal":"0.00","reducedPriceTotal":"6.99","department":"FOOD SERVICE","name":"SIGNATURE CAFE 8 CT GRILLED CHICKEN BAGGED","isFuel":false}],"itemCount":2,"tenders":[{"type":"SNAP","typeCode":"Sale","amount":"3.99","cardType":"SNAP (Discover)","creditDebit":"Debit","cardNumber":"************2502","authorizationCode":"00065176","referenceNumber":"850012125020","authorizationDate":"Feb 5, 2021","authorizationTime":"12:00 PM"},{"type":"Credit/Debit","typeCode":"Sale","amount":"7.48","cardType":"Visa","creditDebit":"Credit","cardNumber":"************5372","authorizationCode":"00031614","referenceNumber":"860034453720","authorizationDate":"Feb 5, 2021","authorizationTime":"12:00 PM"}],"basketDiscounts":[],"phone":"6309645166","storeName":"Jewel-Osco","banner":"jewelosco","transactionId":"0000560510004221020412001247","finalTotal":"11.47","savedAt":"2021-02-22T00:33:28.705Z","id":"60330d641bc0256e38736743","generalSupportText":"LET US HEAR FROM YOU! 1-877-723-3929","generalSupportContact":"1-877-723-3929","paymentSupportText":"FOR QUESTIONS ABOUT YOUR PAYMENT CALL PAYMENT SERVICES AT 1-866-392-9517","paymentSupportContact":"1-866-392-9517"}]}

at sun.reflect.NativeConstructorAccessorImpl.newInstance0(Native Method)
at sun.reflect.NativeConstructorAccessorImpl.newInstance(NativeConstructorAccessorImpl.java:62)
at sun.reflect.DelegatingConstructorAccessorImpl.newInstance(DelegatingConstructorAccessorImpl.java:45)
at java.lang.reflect.Constructor.newInstance(Constructor.java:423)
at org.codehaus.groovy.reflection.CachedConstructor.invoke(CachedConstructor.java:80)
at org.codehaus.groovy.reflection.CachedConstructor.doConstructorInvoke(CachedConstructor.java:74)
at org.codehaus.groovy.runtime.callsite.ConstructorSite$ConstructorSiteNoUnwrap.callConstructor(ConstructorSite.java:84)
at org.codehaus.groovy.runtime.callsite.CallSiteArray.defaultCallConstructor(CallSiteArray.java:59)
at org.codehaus.groovy.runtime.callsite.AbstractCallSite.callConstructor(AbstractCallSite.java:237)
at org.codehaus.groovy.runtime.callsite.AbstractCallSite.callConstructor(AbstractCallSite.java:249)
at io.restassured.internal.ResponseSpecificationImpl$HamcrestAssertionClosure.validate(ResponseSpecificationImpl.groovy:493)
at io.restassured.internal.ResponseSpecificationImpl$HamcrestAssertionClosure$validate$1.call(Unknown Source)
at io.restassured.internal.ResponseSpecificationImpl.validateResponseIfRequired(ResponseSpecificationImpl.groovy:674)
at sun.reflect.NativeMethodAccessorImpl.invoke0(Native Method)
at sun.reflect.NativeMethodAccessorImpl.invoke(NativeMethodAccessorImpl.java:62)
at sun.reflect.DelegatingMethodAccessorImpl.invoke(DelegatingMethodAccessorImpl.java:43)
at java.lang.reflect.Method.invoke(Method.java:498)
at org.codehaus.groovy.runtime.callsite.PlainObjectMetaMethodSite.doInvoke(PlainObjectMetaMethodSite.java:43)
at org.codehaus.groovy.runtime.callsite.PogoMetaMethodSite$PogoCachedMethodSiteNoUnwrapNoCoerce.invoke(PogoMetaMethodSite.java:190)
at org.codehaus.groovy.runtime.callsite.PogoMetaMethodSite.callCurrent(PogoMetaMethodSite.java:58)
at org.codehaus.groovy.runtime.callsite.AbstractCallSite.callCurrent(AbstractCallSite.java:168)
at io.restassured.internal.ResponseSpecificationImpl.body(ResponseSpecificationImpl.groovy:98)
at io.restassured.internal.ValidatableResponseOptionsImpl.body(ValidatableResponseOptionsImpl.java:238)
at io.restassured.internal.ValidatableResponseImpl.super$2$body(ValidatableResponseImpl.groovy)
at sun.reflect.NativeMethodAccessorImpl.invoke0(Native Method)
at sun.reflect.NativeMethodAccessorImpl.invoke(NativeMethodAccessorImpl.java:62)
at sun.reflect.DelegatingMethodAccessorImpl.invoke(DelegatingMethodAccessorImpl.java:43)
at java.lang.reflect.Method.invoke(Method.java:498)
at org.codehaus.groovy.reflection.CachedMethod.invoke(CachedMethod.java:101)
at groovy.lang.MetaMethod.doMethodInvoke(MetaMethod.java:323)
at groovy.lang.MetaClassImpl.invokeMethod(MetaClassImpl.java:1217)
at org.codehaus.groovy.runtime.ScriptBytecodeAdapter.invokeMethodOnSuperN(ScriptBytecodeAdapter.java:144)
at io.restassured.internal.ValidatableResponseImpl.body(ValidatableResponseImpl.groovy:293)
at io.restassured.internal.ValidatableResponseImpl.body(ValidatableResponseImpl.groovy)
at core.testDigitalReceiptsIDParam.schemaDigitalReceiptsID(testDigitalReceiptsIDParam.java:101)
at sun.reflect.NativeMethodAccessorImpl.invoke0(Native Method)
at sun.reflect.NativeMethodAccessorImpl.invoke(NativeMethodAccessorImpl.java:62)
at sun.reflect.DelegatingMethodAccessorImpl.invoke(DelegatingMethodAccessorImpl.java:43)
at java.lang.reflect.Method.invoke(Method.java:498)
at org.testng.internal.MethodInvocationHelper.invokeMethod(MethodInvocationHelper.java:132)
at org.testng.internal.TestInvoker.invokeMethod(TestInvoker.java:599)
at org.testng.internal.TestInvoker.invokeTestMethod(TestInvoker.java:174)
at org.testng.internal.MethodRunner.runInSequence(MethodRunner.java:46)
at org.testng.internal.TestInvoker$MethodInvocationAgent.invoke(TestInvoker.java:822)
at org.testng.internal.TestInvoker.invokeTestMethods(TestInvoker.java:147)
at org.testng.internal.TestMethodWorker.invokeTestMethods(TestMethodWorker.java:146)
at org.testng.internal.TestMethodWorker.run(TestMethodWorker.java:128)
at java.util.ArrayList.forEach(ArrayList.java:1259)
at org.testng.TestRunner.privateRun(TestRunner.java:764)
at org.testng.TestRunner.run(TestRunner.java:585)
at org.testng.SuiteRunner.runTest(SuiteRunner.java:384)
at org.testng.SuiteRunner.runSequentially(SuiteRunner.java:378)
at org.testng.SuiteRunner.privateRun(SuiteRunner.java:337)
at org.testng.SuiteRunner.run(SuiteRunner.java:286)
at org.testng.SuiteRunnerWorker.runSuite(SuiteRunnerWorker.java:53)
at org.testng.SuiteRunnerWorker.run(SuiteRunnerWorker.java:96)
at org.testng.TestNG.runSuitesSequentially(TestNG.java:1218)
at org.testng.TestNG.runSuitesLocally(TestNG.java:1140)
at org.testng.TestNG.runSuites(TestNG.java:1069)
at org.testng.TestNG.run(TestNG.java:1037)
at org.testng.remote.AbstractRemoteTestNG.run(AbstractRemoteTestNG.java:115)
at org.testng.remote.RemoteTestNG.initAndRun(RemoteTestNG.java:251)
at org.testng.remote.RemoteTestNG.main(RemoteTestNG.java:77)
]]>
    </failure>
  </testcase> <!-- schemaDigitalReceiptsID -->
  <system-out/>
  <testcase name="schemaDigitalReceiptsID" time="4.439" classname="core.testDigitalReceiptsIDParam"/>
  <system-out/>
  <testcase name="schemaDigitalReceiptsID" time="0.690" classname="core.testDigitalReceiptsIDParam">
    <failure type="java.lang.AssertionError" message="1 expectation failed.
Response body doesn&#039;t match expectation.
Expected: The content to match the given JSON schema.
error: object has missing required properties ([&quot;authorizationCode&quot;,&quot;authorizationDate&quot;,&quot;authorizationTime&quot;,&quot;cardNumber&quot;,&quot;cardType&quot;,&quot;creditDebit&quot;,&quot;referenceNumber&quot;])
    level: &quot;error&quot;
    schema: {&quot;loadingURI&quot;:&quot;file:/Users/atilo02/Workspace/scgo-api-automation/target/test-classes/receipts/schema_id.json#&quot;,&quot;pointer&quot;:&quot;/properties/receipts/items/0/properties/tenders/items/0&quot;}
    instance: {&quot;pointer&quot;:&quot;/receipts/0/tenders/0&quot;}
    domain: &quot;validation&quot;
    keyword: &quot;required&quot;
    required: [&quot;amount&quot;,&quot;authorizationCode&quot;,&quot;authorizationDate&quot;,&quot;authorizationTime&quot;,&quot;cardNumber&quot;,&quot;cardType&quot;,&quot;cashBack&quot;,&quot;creditDebit&quot;,&quot;referenceNumber&quot;,&quot;type&quot;,&quot;typeCode&quot;]
    missing: [&quot;authorizationCode&quot;,&quot;authorizationDate&quot;,&quot;authorizationTime&quot;,&quot;cardNumber&quot;,&quot;cardType&quot;,&quot;creditDebit&quot;,&quot;referenceNumber&quot;]

  Actual: {&quot;receipts&quot;:[{&quot;address&quot;:{&quot;line1&quot;:&quot;299 S VAN DORN&quot;,&quot;line2&quot;:&quot;N/A&quot;,&quot;city&quot;:&quot;ALEXANDRIA&quot;,&quot;state&quot;:&quot;VA&quot;,&quot;zipcode&quot;:&quot;22304&quot;,&quot;country&quot;:&quot;USA&quot;},&quot;loyalty&quot;:{&quot;id&quot;:&quot;49155222862&quot;,&quot;discountTotal&quot;:&quot;3.45&quot;,&quot;pointsAwarded&quot;:26,&quot;programId&quot;:&quot;HHID&quot;,&quot;accountId&quot;:&quot;350022754707&quot;,&quot;lookupId&quot;:&quot;000000043007036146&quot;},&quot;tax&quot;:{&quot;taxableAmount&quot;:&quot;31.66&quot;,&quot;amount&quot;:&quot;0.82&quot;,&quot;percent&quot;:&quot;2.59&quot;},&quot;_id&quot;:&quot;60330cb31bc0256e38736742&quot;,&quot;posDateTime&quot;:&quot;2021-02-04T12:59:00.000Z&quot;,&quot;dateString&quot;:&quot;Feb 4, 2021&quot;,&quot;timeString&quot;:&quot;12:59 PM&quot;,&quot;storeId&quot;:&quot;1428&quot;,&quot;workStationId&quot;:&quot;0002&quot;,&quot;sequenceNumber&quot;:&quot;30&quot;,&quot;operatorId&quot;:&quot;71353184&quot;,&quot;transactionCount&quot;:1,&quot;regularPriceTotal&quot;:&quot;32.11&quot;,&quot;discountTotal&quot;:&quot;3.45&quot;,&quot;reducedPriceTotal&quot;:&quot;28.66&quot;,&quot;returnsTotal&quot;:&quot;0.00&quot;,&quot;source&quot;:&quot;INSTORE&quot;,&quot;items&quot;:[{&quot;lineItemType&quot;:&quot;Sale&quot;,&quot;id&quot;:&quot;78616200498&quot;,&quot;quantity&quot;:1,&quot;weightItem&quot;:false,&quot;regularPrice&quot;:&quot;1.99&quot;,&quot;discount&quot;:&quot;0.74&quot;,&quot;reducedPrice&quot;:&quot;1.25&quot;,&quot;regularPriceTotal&quot;:&quot;1.99&quot;,&quot;discountTotal&quot;:&quot;0.74&quot;,&quot;reducedPriceTotal&quot;:&quot;1.25&quot;,&quot;department&quot;:&quot;GROCERY&quot;,&quot;name&quot;:&quot;VITAMINWATER ZERO SHINE&quot;,&quot;isFuel&quot;:false},{&quot;lineItemType&quot;:&quot;Sale&quot;,&quot;id&quot;:&quot;78616200297&quot;,&quot;quantity&quot;:2,&quot;weightItem&quot;:false,&quot;regularPrice&quot;:&quot;1.99&quot;,&quot;discount&quot;:&quot;0.74&quot;,&quot;reducedPrice&quot;:&quot;1.25&quot;,&quot;regularPriceTotal&quot;:&quot;3.98&quot;,&quot;discountTotal&quot;:&quot;1.48&quot;,&quot;reducedPriceTotal&quot;:&quot;2.50&quot;,&quot;department&quot;:&quot;GROCERY&quot;,&quot;name&quot;:&quot;VITAMINWATER ZERO SQUEEZED LEMONADE&quot;,&quot;isFuel&quot;:false},{&quot;lineItemType&quot;:&quot;Sale&quot;,&quot;id&quot;:&quot;78616200296&quot;,&quot;quantity&quot;:1,&quot;weightItem&quot;:false,&quot;regularPrice&quot;:&quot;1.99&quot;,&quot;discount&quot;:&quot;0.74&quot;,&quot;reducedPrice&quot;:&quot;1.25&quot;,&quot;regularPriceTotal&quot;:&quot;1.99&quot;,&quot;discountTotal&quot;:&quot;0.74&quot;,&quot;reducedPriceTotal&quot;:&quot;1.25&quot;,&quot;department&quot;:&quot;GROCERY&quot;,&quot;name&quot;:&quot;VITAMINWATER ZERO XXX&quot;,&quot;isFuel&quot;:false},{&quot;lineItemType&quot;:&quot;Sale&quot;,&quot;id&quot;:&quot;85314900812&quot;,&quot;quantity&quot;:1,&quot;weightItem&quot;:false,&quot;regularPrice&quot;:&quot;6.99&quot;,&quot;discount&quot;:&quot;0.00&quot;,&quot;reducedPrice&quot;:&quot;6.99&quot;,&quot;regularPriceTotal&quot;:&quot;6.99&quot;,&quot;discountTotal&quot;:&quot;0.00&quot;,&quot;reducedPriceTotal&quot;:&quot;6.99&quot;,&quot;department&quot;:&quot;FROZEN GROCERY&quot;,&quot;name&quot;:&quot;REBEL ICE CREAM COOKIES N CREAM&quot;,&quot;isFuel&quot;:false},{&quot;lineItemType&quot;:&quot;Sale&quot;,&quot;id&quot;:&quot;85210933171&quot;,&quot;quantity&quot;:1,&quot;weightItem&quot;:false,&quot;regularPrice&quot;:&quot;5.69&quot;,&quot;discount&quot;:&quot;0.00&quot;,&quot;reducedPrice&quot;:&quot;5.69&quot;,&quot;regularPriceTotal&quot;:&quot;5.69&quot;,&quot;discountTotal&quot;:&quot;0.00&quot;,&quot;reducedPriceTotal&quot;:&quot;5.69&quot;,&quot;department&quot;:&quot;FROZEN GROCERY&quot;,&quot;name&quot;:&quot;ENLIGHTENED KETO COLLECTION BUTTER PECAN ICE CREAM&quot;,&quot;isFuel&quot;:false},{&quot;lineItemType&quot;:&quot;Sale&quot;,&quot;id&quot;:&quot;7231004247&quot;,&quot;quantity&quot;:2,&quot;weightItem&quot;:false,&quot;regularPrice&quot;:&quot;3.99&quot;,&quot;discount&quot;:&quot;0.00&quot;,&quot;reducedPrice&quot;:&quot;3.99&quot;,&quot;regularPriceTotal&quot;:&quot;7.98&quot;,&quot;discountTotal&quot;:&quot;0.00&quot;,&quot;reducedPriceTotal&quot;:&quot;7.98&quot;,&quot;department&quot;:&quot;GROCERY&quot;,&quot;name&quot;:&quot;BIGELOW DECAFFEINATED GREEN TEA&quot;,&quot;isFuel&quot;:false},{&quot;lineItemType&quot;:&quot;Sale&quot;,&quot;id&quot;:&quot;7289000119&quot;,&quot;quantity&quot;:1,&quot;weightItem&quot;:false,&quot;regularPrice&quot;:&quot;3.49&quot;,&quot;discount&quot;:&quot;0.49&quot;,&quot;reducedPrice&quot;:&quot;3.00&quot;,&quot;regularPriceTotal&quot;:&quot;3.49&quot;,&quot;discountTotal&quot;:&quot;0.49&quot;,&quot;reducedPriceTotal&quot;:&quot;3.00&quot;,&quot;department&quot;:&quot;LIQUOR&quot;,&quot;name&quot;:&quot;HEINEKEN LAGER BEER KEG CAN&quot;,&quot;isFuel&quot;:false}],&quot;itemCount&quot;:9,&quot;tenders&quot;:[{&quot;type&quot;:&quot;Check&quot;,&quot;typeCode&quot;:&quot;Sale&quot;,&quot;amount&quot;:&quot;49.48&quot;,&quot;cashBack&quot;:&quot;20.00&quot;}],&quot;basketDiscounts&quot;:[],&quot;phone&quot;:&quot;7037514827&quot;,&quot;storeName&quot;:&quot;Safeway&quot;,&quot;banner&quot;:&quot;safeway&quot;,&quot;transactionId&quot;:&quot;0014280020003021020412593293&quot;,&quot;finalTotal&quot;:&quot;49.48&quot;,&quot;savedAt&quot;:&quot;2021-02-22T00:11:18.809Z&quot;,&quot;id&quot;:&quot;60330cb31bc0256e38736742&quot;,&quot;generalSupportText&quot;:&quot;LET US HEAR FROM YOU! 1-877-723-3929&quot;,&quot;generalSupportContact&quot;:&quot;1-877-723-3929&quot;,&quot;paymentSupportText&quot;:&quot;FOR QUESTIONS ABOUT YOUR PAYMENT CALL PAYMENT SERVICES AT 1-866-392-9517&quot;,&quot;paymentSupportContact&quot;:&quot;1-866-392-9517&quot;}]}
">
      <![CDATA[java.lang.AssertionError: 1 expectation failed.
Response body doesn't match expectation.
Expected: The content to match the given JSON schema.
error: object has missing required properties (["authorizationCode","authorizationDate","authorizationTime","cardNumber","cardType","creditDebit","referenceNumber"])
    level: "error"
    schema: {"loadingURI":"file:/Users/atilo02/Workspace/scgo-api-automation/target/test-classes/receipts/schema_id.json#","pointer":"/properties/receipts/items/0/properties/tenders/items/0"}
    instance: {"pointer":"/receipts/0/tenders/0"}
    domain: "validation"
    keyword: "required"
    required: ["amount","authorizationCode","authorizationDate","authorizationTime","cardNumber","cardType","cashBack","creditDebit","referenceNumber","type","typeCode"]
    missing: ["authorizationCode","authorizationDate","authorizationTime","cardNumber","cardType","creditDebit","referenceNumber"]

  Actual: {"receipts":[{"address":{"line1":"299 S VAN DORN","line2":"N/A","city":"ALEXANDRIA","state":"VA","zipcode":"22304","country":"USA"},"loyalty":{"id":"49155222862","discountTotal":"3.45","pointsAwarded":26,"programId":"HHID","accountId":"350022754707","lookupId":"000000043007036146"},"tax":{"taxableAmount":"31.66","amount":"0.82","percent":"2.59"},"_id":"60330cb31bc0256e38736742","posDateTime":"2021-02-04T12:59:00.000Z","dateString":"Feb 4, 2021","timeString":"12:59 PM","storeId":"1428","workStationId":"0002","sequenceNumber":"30","operatorId":"71353184","transactionCount":1,"regularPriceTotal":"32.11","discountTotal":"3.45","reducedPriceTotal":"28.66","returnsTotal":"0.00","source":"INSTORE","items":[{"lineItemType":"Sale","id":"78616200498","quantity":1,"weightItem":false,"regularPrice":"1.99","discount":"0.74","reducedPrice":"1.25","regularPriceTotal":"1.99","discountTotal":"0.74","reducedPriceTotal":"1.25","department":"GROCERY","name":"VITAMINWATER ZERO SHINE","isFuel":false},{"lineItemType":"Sale","id":"78616200297","quantity":2,"weightItem":false,"regularPrice":"1.99","discount":"0.74","reducedPrice":"1.25","regularPriceTotal":"3.98","discountTotal":"1.48","reducedPriceTotal":"2.50","department":"GROCERY","name":"VITAMINWATER ZERO SQUEEZED LEMONADE","isFuel":false},{"lineItemType":"Sale","id":"78616200296","quantity":1,"weightItem":false,"regularPrice":"1.99","discount":"0.74","reducedPrice":"1.25","regularPriceTotal":"1.99","discountTotal":"0.74","reducedPriceTotal":"1.25","department":"GROCERY","name":"VITAMINWATER ZERO XXX","isFuel":false},{"lineItemType":"Sale","id":"85314900812","quantity":1,"weightItem":false,"regularPrice":"6.99","discount":"0.00","reducedPrice":"6.99","regularPriceTotal":"6.99","discountTotal":"0.00","reducedPriceTotal":"6.99","department":"FROZEN GROCERY","name":"REBEL ICE CREAM COOKIES N CREAM","isFuel":false},{"lineItemType":"Sale","id":"85210933171","quantity":1,"weightItem":false,"regularPrice":"5.69","discount":"0.00","reducedPrice":"5.69","regularPriceTotal":"5.69","discountTotal":"0.00","reducedPriceTotal":"5.69","department":"FROZEN GROCERY","name":"ENLIGHTENED KETO COLLECTION BUTTER PECAN ICE CREAM","isFuel":false},{"lineItemType":"Sale","id":"7231004247","quantity":2,"weightItem":false,"regularPrice":"3.99","discount":"0.00","reducedPrice":"3.99","regularPriceTotal":"7.98","discountTotal":"0.00","reducedPriceTotal":"7.98","department":"GROCERY","name":"BIGELOW DECAFFEINATED GREEN TEA","isFuel":false},{"lineItemType":"Sale","id":"7289000119","quantity":1,"weightItem":false,"regularPrice":"3.49","discount":"0.49","reducedPrice":"3.00","regularPriceTotal":"3.49","discountTotal":"0.49","reducedPriceTotal":"3.00","department":"LIQUOR","name":"HEINEKEN LAGER BEER KEG CAN","isFuel":false}],"itemCount":9,"tenders":[{"type":"Check","typeCode":"Sale","amount":"49.48","cashBack":"20.00"}],"basketDiscounts":[],"phone":"7037514827","storeName":"Safeway","banner":"safeway","transactionId":"0014280020003021020412593293","finalTotal":"49.48","savedAt":"2021-02-22T00:11:18.809Z","id":"60330cb31bc0256e38736742","generalSupportText":"LET US HEAR FROM YOU! 1-877-723-3929","generalSupportContact":"1-877-723-3929","paymentSupportText":"FOR QUESTIONS ABOUT YOUR PAYMENT CALL PAYMENT SERVICES AT 1-866-392-9517","paymentSupportContact":"1-866-392-9517"}]}

at sun.reflect.NativeConstructorAccessorImpl.newInstance0(Native Method)
at sun.reflect.NativeConstructorAccessorImpl.newInstance(NativeConstructorAccessorImpl.java:62)
at sun.reflect.DelegatingConstructorAccessorImpl.newInstance(DelegatingConstructorAccessorImpl.java:45)
at java.lang.reflect.Constructor.newInstance(Constructor.java:423)
at org.codehaus.groovy.reflection.CachedConstructor.invoke(CachedConstructor.java:80)
at org.codehaus.groovy.reflection.CachedConstructor.doConstructorInvoke(CachedConstructor.java:74)
at org.codehaus.groovy.runtime.callsite.ConstructorSite$ConstructorSiteNoUnwrap.callConstructor(ConstructorSite.java:84)
at org.codehaus.groovy.runtime.callsite.AbstractCallSite.callConstructor(AbstractCallSite.java:249)
at io.restassured.internal.ResponseSpecificationImpl$HamcrestAssertionClosure.validate(ResponseSpecificationImpl.groovy:493)
at io.restassured.internal.ResponseSpecificationImpl$HamcrestAssertionClosure$validate$1.call(Unknown Source)
at io.restassured.internal.ResponseSpecificationImpl.validateResponseIfRequired(ResponseSpecificationImpl.groovy:674)
at sun.reflect.GeneratedMethodAccessor38.invoke(Unknown Source)
at sun.reflect.DelegatingMethodAccessorImpl.invoke(DelegatingMethodAccessorImpl.java:43)
at java.lang.reflect.Method.invoke(Method.java:498)
at org.codehaus.groovy.runtime.callsite.PlainObjectMetaMethodSite.doInvoke(PlainObjectMetaMethodSite.java:43)
at org.codehaus.groovy.runtime.callsite.PogoMetaMethodSite$PogoCachedMethodSiteNoUnwrapNoCoerce.invoke(PogoMetaMethodSite.java:190)
at org.codehaus.groovy.runtime.callsite.PogoMetaMethodSite.callCurrent(PogoMetaMethodSite.java:58)
at org.codehaus.groovy.runtime.callsite.AbstractCallSite.callCurrent(AbstractCallSite.java:168)
at io.restassured.internal.ResponseSpecificationImpl.body(ResponseSpecificationImpl.groovy:98)
at io.restassured.internal.ValidatableResponseOptionsImpl.body(ValidatableResponseOptionsImpl.java:238)
at io.restassured.internal.ValidatableResponseImpl.super$2$body(ValidatableResponseImpl.groovy)
at sun.reflect.NativeMethodAccessorImpl.invoke0(Native Method)
at sun.reflect.NativeMethodAccessorImpl.invoke(NativeMethodAccessorImpl.java:62)
at sun.reflect.DelegatingMethodAccessorImpl.invoke(DelegatingMethodAccessorImpl.java:43)
at java.lang.reflect.Method.invoke(Method.java:498)
at org.codehaus.groovy.reflection.CachedMethod.invoke(CachedMethod.java:101)
at groovy.lang.MetaMethod.doMethodInvoke(MetaMethod.java:323)
at groovy.lang.MetaClassImpl.invokeMethod(MetaClassImpl.java:1217)
at org.codehaus.groovy.runtime.ScriptBytecodeAdapter.invokeMethodOnSuperN(ScriptBytecodeAdapter.java:144)
at io.restassured.internal.ValidatableResponseImpl.body(ValidatableResponseImpl.groovy:293)
at io.restassured.internal.ValidatableResponseImpl.body(ValidatableResponseImpl.groovy)
at core.testDigitalReceiptsIDParam.schemaDigitalReceiptsID(testDigitalReceiptsIDParam.java:101)
at sun.reflect.NativeMethodAccessorImpl.invoke0(Native Method)
at sun.reflect.NativeMethodAccessorImpl.invoke(NativeMethodAccessorImpl.java:62)
at sun.reflect.DelegatingMethodAccessorImpl.invoke(DelegatingMethodAccessorImpl.java:43)
at java.lang.reflect.Method.invoke(Method.java:498)
at org.testng.internal.MethodInvocationHelper.invokeMethod(MethodInvocationHelper.java:132)
at org.testng.internal.TestInvoker.invokeMethod(TestInvoker.java:599)
at org.testng.internal.TestInvoker.invokeTestMethod(TestInvoker.java:174)
at org.testng.internal.MethodRunner.runInSequence(MethodRunner.java:46)
at org.testng.internal.TestInvoker$MethodInvocationAgent.invoke(TestInvoker.java:822)
at org.testng.internal.TestInvoker.invokeTestMethods(TestInvoker.java:147)
at org.testng.internal.TestMethodWorker.invokeTestMethods(TestMethodWorker.java:146)
at org.testng.internal.TestMethodWorker.run(TestMethodWorker.java:128)
at java.util.ArrayList.forEach(ArrayList.java:1259)
at org.testng.TestRunner.privateRun(TestRunner.java:764)
at org.testng.TestRunner.run(TestRunner.java:585)
at org.testng.SuiteRunner.runTest(SuiteRunner.java:384)
at org.testng.SuiteRunner.runSequentially(SuiteRunner.java:378)
at org.testng.SuiteRunner.privateRun(SuiteRunner.java:337)
at org.testng.SuiteRunner.run(SuiteRunner.java:286)
at org.testng.SuiteRunnerWorker.runSuite(SuiteRunnerWorker.java:53)
at org.testng.SuiteRunnerWorker.run(SuiteRunnerWorker.java:96)
at org.testng.TestNG.runSuitesSequentially(TestNG.java:1218)
at org.testng.TestNG.runSuitesLocally(TestNG.java:1140)
at org.testng.TestNG.runSuites(TestNG.java:1069)
at org.testng.TestNG.run(TestNG.java:1037)
at org.testng.remote.AbstractRemoteTestNG.run(AbstractRemoteTestNG.java:115)
at org.testng.remote.RemoteTestNG.initAndRun(RemoteTestNG.java:251)
at org.testng.remote.RemoteTestNG.main(RemoteTestNG.java:77)
]]>
    </failure>
  </testcase> <!-- schemaDigitalReceiptsID -->
  <system-out/>
</testsuite> <!-- core.testDigitalReceiptsIDParam -->
