<?xml version="1.0" encoding="UTF-8"?>
<!-- Generated by org.testng.reporters.JUnitReportReporter -->
<testsuite skipped="0" hostname="PCW1713853L" name="core.testClubPriceLookUpEH" tests="2" failures="0" timestamp="2021-04-30T14:20:25 PDT" time="6.769" errors="0">
  <testcase name="schemaClubPriceEH" time="1.416" classname="core.testClubPriceLookUpEH"/>
  <system-out/>
  <testcase name="schemaClubPriceEH" time="5.353" classname="core.testClubPriceLookUpEH"/>
  <system-out/>
</testsuite> <!-- core.testClubPriceLookUpEH -->
