<?xml version="1.0" encoding="UTF-8"?>
<!-- Generated by org.testng.reporters.JUnitReportReporter -->
<testsuite skipped="0" hostname="PCW1713853L" name="core.testAddItemToCartEH" tests="6" failures="0" timestamp="2021-04-14T14:11:06 PDT" time="26.912" errors="0">
  <testcase name="schemaGetProfileEH" time="6.330" classname="core.testAddItemToCartEH"/>
  <system-out/>
  <testcase name="schemaGetProfileEH" time="4.726" classname="core.testAddItemToCartEH"/>
  <system-out/>
  <testcase name="schemaGetProfileEH" time="14.303" classname="core.testAddItemToCartEH"/>
  <system-out/>
  <testcase name="schemaGetProfileEH" time="0.668" classname="core.testAddItemToCartEH"/>
  <system-out/>
  <testcase name="schemaGetProfileEH" time="0.456" classname="core.testAddItemToCartEH"/>
  <system-out/>
  <testcase name="schemaGetProfileEH" time="0.429" classname="core.testAddItemToCartEH"/>
  <system-out/>
</testsuite> <!-- core.testAddItemToCartEH -->
