<?xml version="1.0" encoding="UTF-8"?>
<!-- Generated by org.testng.reporters.JUnitReportReporter -->
<testsuite skipped="0" hostname="MBP-2.local" name="core.testSchemaGetProfile" tests="1" failures="0" timestamp="2021-02-28T11:11:34 PST" time="4.144" errors="0">
  <testcase name="schemaGetProfile" time="4.144" classname="core.testSchemaGetProfile"/>
  <system-out/>
</testsuite> <!-- core.testSchemaGetProfile -->
