<?xml version="1.0" encoding="UTF-8"?>
<!-- Generated by org.testng.reporters.JUnitReportReporter -->
<testsuite skipped="0" hostname="PCW1713853L" name="core.testCheckOutCart" tests="1" failures="0" timestamp="2021-04-30T15:30:08 PDT" time="4.228" errors="0">
  <testcase name="schemaItemLookup" time="4.228" classname="core.testCheckOutCart"/>
  <system-out/>
</testsuite> <!-- core.testCheckOutCart -->
