<?xml version="1.0" encoding="UTF-8"?>
<!-- Generated by org.testng.reporters.JUnitReportReporter -->
<testsuite skipped="0" hostname="PCW1713853L" name="core.testItemLookup" tests="1" failures="0" timestamp="2021-03-29T18:54:51 PDT" time="4.284" errors="0">
  <testcase name="schemaItemLookup" time="4.284" classname="core.testItemLookup"/>
  <system-out/>
</testsuite> <!-- core.testItemLookup -->
