<?xml version="1.0" encoding="UTF-8"?>
<!-- Generated by org.testng.reporters.JUnitReportReporter -->
<testsuite skipped="0" hostname="PCW1713853L" name="core.testAddItemToCartEH" tests="1" failures="0" timestamp="2021-04-08T23:02:43 PDT" time="6.729" errors="0">
  <testcase name="schemaGetProfileEH" time="6.729" classname="core.testAddItemToCartEH"/>
  <system-out/>
</testsuite> <!-- core.testAddItemToCartEH -->
