<?xml version="1.0" encoding="UTF-8"?>
<!-- Generated by org.testng.reporters.JUnitReportReporter -->
<testsuite skipped="0" hostname="MBP-2.local" name="core.testSchemaItemLookup" tests="1" failures="0" timestamp="2021-02-28T10:42:29 PST" time="4.545" errors="0">
  <testcase name="schemaItemLookup" time="4.545" classname="core.testSchemaItemLookup"/>
  <system-out/>
</testsuite> <!-- core.testSchemaItemLookup -->
