<?xml version="1.0" encoding="UTF-8"?>
<!-- Generated by org.testng.reporters.JUnitReportReporter -->
<testsuite skipped="0" hostname="PCW1713853L" name="core.testToken" tests="1" failures="0" timestamp="2021-05-14T16:55:24 PDT" time="8.294" errors="0">
  <testcase name="schemaGetProfile" time="8.294" classname="core.testToken"/>
  <system-out/>
</testsuite> <!-- core.testToken -->
