<?xml version="1.0" encoding="UTF-8"?>
<!-- Generated by org.testng.reporters.JUnitReportReporter -->
<testsuite skipped="0" hostname="PCW1713853L" name="core.testViewCart" tests="1" failures="0" timestamp="2021-03-29T20:52:44 PDT" time="7.201" errors="0">
  <testcase name="schemaItemLookup" time="7.201" classname="core.testViewCart"/>
  <system-out/>
</testsuite> <!-- core.testViewCart -->
