<?xml version="1.0" encoding="UTF-8"?>
<!-- Generated by org.testng.reporters.JUnitReportReporter -->
<testsuite skipped="0" hostname="PCW1713853L" name="core.testClubPriceLookUp" tests="2" failures="0" timestamp="2021-04-30T14:33:18 PDT" time="6.807" errors="0">
  <testcase name="schemaClubPrice" time="5.776" classname="core.testClubPriceLookUp"/>
  <system-out/>
  <testcase name="schemaClubPrice" time="1.031" classname="core.testClubPriceLookUp"/>
  <system-out/>
</testsuite> <!-- core.testClubPriceLookUp -->
