<?xml version="1.0" encoding="UTF-8"?>
<!-- Generated by org.testng.reporters.JUnitReportReporter -->
<testsuite skipped="0" hostname="PCW1713853L" name="core.testSchemaAddItemToCart" tests="1" failures="0" timestamp="2021-03-02T16:27:31 PST" time="7.342" errors="0">
  <testcase name="schemaGetProfile" time="7.342" classname="core.testSchemaAddItemToCart"/>
  <system-out/>
</testsuite> <!-- core.testSchemaAddItemToCart -->
